make all --print-data-base --no-builtin-variables --no-builtin-rules --question
# GNU Make 3.81
# Copyright (C) 2006  Free Software Foundation, Inc.
# This is free software; see the source for copying conditions.
# There is NO warranty; not even for MERCHANTABILITY or FITNESS FOR A
# PARTICULAR PURPOSE.

# This program built for i386-apple-darwin11.3.0

# Make data base, printed on Tue May 24 09:52:30 2022

# Variables

# automatic
<D = $(patsubst %/,%,$(dir $<))
# automatic
?F = $(notdir $?)
# environment
ELECTRON_NO_ATTACH_CONSOLE = 1
# environment
VSCODE_LOG_NATIVE = false
# automatic
?D = $(patsubst %/,%,$(dir $?))
# automatic
@D = $(patsubst %/,%,$(dir $@))
# makefile (from `Makefile', line 1)
EXE = engine_main
# automatic
@F = $(notdir $@)
# makefile
CURDIR := /Users/Saul/graphics/engine
# makefile
SHELL = /bin/sh
# environment
VSCODE_NLS_CONFIG = {"locale":"en-us","availableLanguages":{},"_languagePackSupport":true}
# environment
_ = /usr/bin/make
# makefile (from `Makefile', line 24)
CFLAGS = $(CXXFLAGS)
# makefile (from `Makefile', line 1)
MAKEFILE_LIST :=  Makefile
# makefile (from `Makefile', line 4)
SOURCES = Engine.cpp imgui-SFML.cpp Gui.cpp Input.cpp Brick.cpp Ball.cpp $(IMGUI_DIR)/imgui.cpp $(IMGUI_DIR)/imgui_demo.cpp $(IMGUI_DIR)/imgui_draw.cpp $(IMGUI_DIR)/imgui_tables.cpp $(IMGUI_DIR)/imgui_widgets.cpp
# makefile (from `Makefile', line 23)
CXXFLAGS = -I$(IMGUI_DIR) -I$(IMGUI_DIR)/backends -g -Wall -Wformat -I/usr/local/include -I/opt/local/include -I/opt/homebrew/include
# environment
VSCODE_VERBOSE_LOGGING = true
# makefile (from `Makefile', line 2)
IMGUI_DIR = ../..
# environment
VSCODE_IPC_HOOK_EXTHOST = /var/folders/8w/4c1x6p694_b7crr2r7gzbr840000gp/T/vscode-ipc-ac2f5e19-2ce4-4d73-9745-f108f30c319f.sock
# environment
VSCODE_CWD = /Users/Saul/graphics/engine
# environment
Apple_PubSub_Socket_Render = /private/tmp/com.apple.launchd.gLD5u89Z28/Render
# environment
PATH = /Users/Saul/.yarn/bin:/Users/Saul/.config/yarn/global/node_modules/.bin:/usr/local/bin:/usr/bin:/bin:/usr/sbin:/sbin:/Users/Saul/.npm-packages/lib/node_modules/@angular/cli/bin/:/Users/Saul/.local/bin/:/usr/local/share/dotnet:/opt/X11/bin:~/.dotnet/tools:/Library/Frameworks/Mono.framework/Versions/Current/Commands:/Applications/Xamarin Workbooks.app/Contents/SharedSupport/path-bin:/Users/Saul/.cargo/bin
# environment
LSCOLORS = Gxfxcxdxbxegedabagacad
# makefile (from `Makefile', line 17)
ECHO_MESSAGE = "Mac OS X"
# environment
VSCODE_LOG_STACK = false
# environment
ELECTRON_RUN_AS_NODE = 1
# default
.FEATURES := target-specific order-only second-expansion else-if archives jobserver check-symlink
# environment
SSH_AUTH_SOCK = /private/tmp/com.apple.launchd.EXIWWj641Z/Listeners
# automatic
%F = $(notdir $%)
# makefile (from `Makefile', line 6)
UNAME_S := Darwin
# environment
DISPLAY = /private/tmp/com.apple.launchd.tc7lmZZ2ro/org.macosforge.xquartz:0
# environment
VSCODE_PIPE_LOGGING = true
# makefile (from `Makefile', line 5)
OBJS = $(addsuffix .o, $(basename $(notdir $(SOURCES))))
# environment
PWD = /Users/Saul/graphics/engine
# environment
ORIGINAL_XDG_CURRENT_DESKTOP = undefined
# environment
VSCODE_AMD_ENTRYPOINT = vs/workbench/api/node/extensionHostProcess
# environment
HOME = /Users/Saul
# default
MAKEFILEPATH = $(shell /usr/bin/xcode-select -print-path 2>/dev/null || echo /Developer)/Makefiles
# environment
VSCODE_CLI = 1
# environment
VSCODE_CODE_CACHE_PATH = /Users/Saul/Library/Application Support/Code/CachedData/c3511e6c69bb39013c4a4b7b9566ec1ca73fc4d5
# environment
LOGNAME = Saul
# environment
APPLICATION_INSIGHTS_NO_DIAGNOSTIC_CHANNEL = 1
# environment
ZSH = /Users/Saul/.oh-my-zsh
# environment
VSCODE_HANDLES_UNCAUGHT_ERRORS = true
# automatic
^D = $(patsubst %/,%,$(dir $^))
# environment
XPC_FLAGS = 0x0
# environment
COLORTERM = truecolor
# default
MAKE = $(MAKE_COMMAND)
# environment
LC_TERMINAL = iTerm2
# environment
SHLVL = 3
# default
MAKE_VERSION := 3.81
# environment
USER = Saul
# makefile
.DEFAULT_GOAL := all
# default
MAKECMDGOALS := all
# environment
TERM_SESSION_ID = w0t0p0:A9C95E71-17D8-4CE3-8AD8-9BE8516D379D
# environment
LESS = -R
# automatic
%D = $(patsubst %/,%,$(dir $%))
# default
MAKE_COMMAND := /Library/Developer/CommandLineTools/usr/bin/make
# environment
TERM_PROGRAM = iTerm.app
# default
.VARIABLES := 
# environment
TMPDIR = /var/folders/8w/4c1x6p694_b7crr2r7gzbr840000gp/T/
# automatic
*F = $(notdir $*)
# environment
VSCODE_IPC_HOOK = /Users/Saul/Library/Application Support/Code/1.67.2-main.sock
# makefile
MAKEFLAGS = Rrqp
# environment
MFLAGS = -Rrqp
# automatic
*D = $(patsubst %/,%,$(dir $*))
# environment
TERM_PROGRAM_VERSION = 3.4.15
# environment
XPC_SERVICE_NAME = 0
# environment
LC_TERMINAL_VERSION = 3.4.15
# automatic
+D = $(patsubst %/,%,$(dir $+))
# automatic
+F = $(notdir $+)
# environment
ITERM_SESSION_ID = w0t0p0:A9C95E71-17D8-4CE3-8AD8-9BE8516D379D
# environment
COLORFGBG = 15;0
# environment
__CF_USER_TEXT_ENCODING = 0x1F6:0x0:0x0
# default
MAKEFILES := 
# automatic
<F = $(notdir $<)
# environment
ITERM_PROFILE = Default
# environment
PAGER = less
# environment
LC_ALL = C
# makefile (from `Makefile', line 20)
LIBS =  -framework OpenGL -framework Cocoa -framework IOKit -framework CoreVideo -L/usr/local/lib -L/opt/local/lib -L/opt/homebrew/lib -lsfml-graphics -lsfml-window -lsfml-system -lsfml-audio
# automatic
^F = $(notdir $^)
# default
SUFFIXES := 
# default
.INCLUDE_DIRS = /usr/local/include
# environment
MAKELEVEL := 0
# environment
LANG = C
# environment
TERM = xterm-256color
# environment
VSCODE_PID = 16973
# variable set hash-table stats:
# Load=87/1024=8%, Rehash=0, Collisions=11/143=8%

# Pattern-specific Variable Values

# No pattern-specific variable values.

# Directories

# ../.. (device 16777220, inode 614245): No files, no impossibilities so far.
# . (device 16777220, inode 8622251603): 44 files, no impossibilities.
# ../../backends: could not be stat'd.

# 44 files, no impossibilities in 3 directories.

# Implicit Rules

%.o: %.cpp
#  commands to execute (from `Makefile', line 33):
	$(CXX) $(CXXFLAGS) -c -o $@ $<
	

%.o: ../../%.cpp
#  commands to execute (from `Makefile', line 36):
	$(CXX) $(CXXFLAGS) -c -o $@ $<
	

%.o: ../../backends/%.cpp
#  commands to execute (from `Makefile', line 39):
	$(CXX) $(CXXFLAGS) -c -o $@ $<
	

# 3 implicit rules, 0 (0.0%) terminal.

# Files

# Not a target:
imgui_demo.o:
#  Implicit rule search has not been done.
#  Modification time never checked.
#  File has not been updated.

all: engine_main
#  Command-line target.
#  Implicit rule search has not been done.
#  File does not exist.
#  File has been updated.
#  Needs to be updated (-q is set).
# variable set hash-table stats:
# Load=0/32=0%, Rehash=0, Collisions=0/6=0%
#  commands to execute (from `Makefile', line 42):
	@echo Build complete for $(ECHO_MESSAGE)
	

# Not a target:
Brick.o:
#  Implicit rule search has not been done.
#  Modification time never checked.
#  File has not been updated.

# Not a target:
Ball.o:
#  Implicit rule search has not been done.
#  Modification time never checked.
#  File has not been updated.

# Not a target:
.SUFFIXES:
#  Implicit rule search has not been done.
#  Modification time never checked.
#  File has not been updated.

# Not a target:
Makefile:
#  Implicit rule search has been done.
#  Last modified 2022-05-23 10:29:52
#  File has been updated.
#  Successfully updated.
# variable set hash-table stats:
# Load=0/32=0%, Rehash=0, Collisions=0/0=0%

# Not a target:
Engine.cpp:
#  Implicit rule search has been done.
#  Last modified 2022-05-23 10:44:54
#  File has been updated.
#  Successfully updated.
# variable set hash-table stats:
# Load=0/32=0%, Rehash=0, Collisions=0/0=0%

# Not a target:
imgui.o:
#  Implicit rule search has not been done.
#  Modification time never checked.
#  File has not been updated.

engine_main: Engine.o imgui-SFML.o Gui.o Input.o Brick.o Ball.o imgui.o imgui_demo.o imgui_draw.o imgui_tables.o imgui_widgets.o
#  Implicit rule search has not been done.
#  Last modified 2022-05-23 10:38:19
#  File has been updated.
#  Needs to be updated (-q is set).
# variable set hash-table stats:
# Load=0/32=0%, Rehash=0, Collisions=0/6=0%
#  commands to execute (from `Makefile', line 45):
	$(CXX) -o $@ $^ $(CXXFLAGS) $(LIBS)
	

 
# Not a target:
Input.o:
#  Implicit rule search has not been done.
#  Modification time never checked.
#  File has not been updated.

# Not a target:
.DEFAULT:
#  Implicit rule search has not been done.
#  Modification time never checked.
#  File has not been updated.

# Not a target:
imgui_widgets.o:
#  Implicit rule search has not been done.
#  Modification time never checked.
#  File has not been updated.

# Not a target:
imgui_draw.o:
#  Implicit rule search has not been done.
#  Modification time never checked.
#  File has not been updated.

clean:
#  Implicit rule search has not been done.
#  Modification time never checked.
#  File has not been updated.
#  commands to execute (from `Makefile', line 48):
	rm -f $(EXE) $(OBJS)
	

# Not a target:
imgui_tables.o:
#  Implicit rule search has not been done.
#  Modification time never checked.
#  File has not been updated.

Engine.o: Engine.cpp
#  Implicit rule search has been done.
#  Implicit/static pattern stem: `Engine'
#  Last modified 2022-05-23 10:38:19
#  File has been updated.
#  Needs to be updated (-q is set).
# automatic
# @ := Engine.o
# automatic
# % := 
# automatic
# * := Engine
# automatic
# + := Engine.cpp
# automatic
# | := 
# automatic
# < := Engine.cpp
# automatic
# ^ := Engine.cpp
# automatic
# ? := Engine.cpp
# variable set hash-table stats:
# Load=8/32=25%, Rehash=0, Collisions=1/16=6%
#  commands to execute (from `Makefile', line 33):
	$(CXX) $(CXXFLAGS) -c -o $@ $<
	

# Not a target:
Gui.o:
#  Implicit rule search has not been done.
#  Modification time never checked.
#  File has not been updated.

# Not a target:
imgui-SFML.o:
#  Implicit rule search has not been done.
#  Modification time never checked.
#  File has not been updated.

# files hash-table stats:
# Load=18/1024=2%, Rehash=0, Collisions=0/46=0%
# VPATH Search Paths

# No `vpath' search paths.

# No general (`VPATH' variable) search path.

# # of strings in strcache: 1
# # of strcache buffers: 1
# strcache size: total = 4096 / max = 4096 / min = 4096 / avg = 4096
# strcache free: total = 4087 / max = 4087 / min = 4087 / avg = 4087

# Finished Make data base on Tue May 24 09:52:30 2022

 
